  test.cpp
C:\Users\Mercury\Documents\Gitee\Cplusplus\Template\Template\test.cpp(25,9): warning C4244: “return”: 从“T”转换到“int”，可能丢失数据
C:\Users\Mercury\Documents\Gitee\Cplusplus\Template\Template\test.cpp(25,9): warning C4244:         with
C:\Users\Mercury\Documents\Gitee\Cplusplus\Template\Template\test.cpp(25,9): warning C4244:         [
C:\Users\Mercury\Documents\Gitee\Cplusplus\Template\Template\test.cpp(25,9): warning C4244:             T=double
C:\Users\Mercury\Documents\Gitee\Cplusplus\Template\Template\test.cpp(25,9): warning C4244:         ]
      C:\Users\Mercury\Documents\Gitee\Cplusplus\Template\Template\test.cpp(25,9):
      模板实例化上下文(最早的实例化上下文)为
          C:\Users\Mercury\Documents\Gitee\Cplusplus\Template\Template\test.cpp(77,2):
          查看对正在编译的函数 模板 实例化“int Add<double>(const T &,const T &)”的引用
          with
          [
              T=double
          ]
  
C:\Users\Mercury\Documents\Gitee\Cplusplus\Template\Template\test.cpp(31,8): warning C4244: “return”: 从“T2”转换到“int”，可能丢失数据
C:\Users\Mercury\Documents\Gitee\Cplusplus\Template\Template\test.cpp(31,8): warning C4244:         with
C:\Users\Mercury\Documents\Gitee\Cplusplus\Template\Template\test.cpp(31,8): warning C4244:         [
C:\Users\Mercury\Documents\Gitee\Cplusplus\Template\Template\test.cpp(31,8): warning C4244:             T2=double
C:\Users\Mercury\Documents\Gitee\Cplusplus\Template\Template\test.cpp(31,8): warning C4244:         ]
      C:\Users\Mercury\Documents\Gitee\Cplusplus\Template\Template\test.cpp(31,8):
      模板实例化上下文(最早的实例化上下文)为
          C:\Users\Mercury\Documents\Gitee\Cplusplus\Template\Template\test.cpp(82,2):
          查看对正在编译的函数 模板 实例化“int Add<int,double>(const T1 &,const T2 &)”的引用
          with
          [
              T1=int,
              T2=double
          ]
  
  Template.vcxproj -> C:\Users\Mercury\Documents\Gitee\Cplusplus\Template\x64\Debug\Template.exe
